# JRE version: OpenJDK Runtime Environment (8.0_412-b08) (build 1.8.0_412-b08)
# Java VM: OpenJDK 64-Bit Server VM (25.412-b08 mixed mode windows-amd64 compressed oops)
Heap:
 PSYoungGen      total 224256K, used 109954K [0x000000076b400000, 0x0000000780a80000, 0x00000007c0000000)
  eden space 189952K, 53% used [0x000000076b400000,0x0000000771751c20,0x0000000776d80000)
  from space 34304K, 24% used [0x0000000776d80000,0x000000077758ee28,0x0000000778f00000)
  to   space 34816K, 0% used [0x000000077e880000,0x000000077e880000,0x0000000780a80000)
 ParOldGen       total 222720K, used 46564K [0x00000006c1c00000, 0x00000006cf580000, 0x000000076b400000)
  object space 222720K, 20% used [0x00000006c1c00000,0x00000006c4979020,0x00000006cf580000)
 Metaspace       used 37682K, capacity 39834K, committed 39976K, reserved 1083392K
  class space    used 4438K, capacity 5098K, committed 5160K, reserved 1048576K
GC Heap History (10 events):
Event: 10.378 GC heap before
{Heap before GC invocations=5 (full 1):
 PSYoungGen      total 76288K, used 76274K [0x000000076b400000, 0x0000000773480000, 0x00000007c0000000)
  eden space 65536K, 100% used [0x000000076b400000,0x000000076f400000,0x000000076f400000)
  from space 10752K, 99% used [0x000000076f400000,0x000000076fe7ca58,0x000000076fe80000)
  to   space 10752K, 0% used [0x0000000772a00000,0x0000000772a00000,0x0000000773480000)
 ParOldGen       total 113152K, used 13186K [0x00000006c1c00000, 0x00000006c8a80000, 0x000000076b400000)
  object space 113152K, 11% used [0x00000006c1c00000,0x00000006c28e08c8,0x00000006c8a80000)
 Metaspace       used 24986K, capacity 26022K, committed 26240K, reserved 1073152K
  class space    used 2824K, capacity 3082K, committed 3200K, reserved 1048576K
Event: 10.406 GC heap after
Heap after GC invocations=5 (full 1):
 PSYoungGen      total 120832K, used 10724K [0x000000076b400000, 0x0000000773700000, 0x00000007c0000000)
  eden space 110080K, 0% used [0x000000076b400000,0x000000076b400000,0x0000000771f80000)
  from space 10752K, 99% used [0x0000000772a00000,0x0000000773479300,0x0000000773480000)
  to   space 10752K, 0% used [0x0000000771f80000,0x0000000771f80000,0x0000000772a00000)
 ParOldGen       total 113152K, used 39149K [0x00000006c1c00000, 0x00000006c8a80000, 0x000000076b400000)
  object space 113152K, 34% used [0x00000006c1c00000,0x00000006c423b7b8,0x00000006c8a80000)
 Metaspace       used 24986K, capacity 26022K, committed 26240K, reserved 1073152K
  class space    used 2824K, capacity 3082K, committed 3200K, reserved 1048576K
}
Event: 13.048 GC heap before
{Heap before GC invocations=6 (full 1):
 PSYoungGen      total 120832K, used 120804K [0x000000076b400000, 0x0000000773700000, 0x00000007c0000000)
  eden space 110080K, 100% used [0x000000076b400000,0x0000000771f80000,0x0000000771f80000)
  from space 10752K, 99% used [0x0000000772a00000,0x0000000773479300,0x0000000773480000)
  to   space 10752K, 0% used [0x0000000771f80000,0x0000000771f80000,0x0000000772a00000)
 ParOldGen       total 113152K, used 39149K [0x00000006c1c00000, 0x00000006c8a80000, 0x000000076b400000)
  object space 113152K, 34% used [0x00000006c1c00000,0x00000006c423b7b8,0x00000006c8a80000)
 Metaspace       used 32685K, capacity 34388K, committed 34688K, reserved 1079296K
  class space    used 3831K, capacity 4377K, committed 4480K, reserved 1048576K
Event: 13.097 GC heap after
Heap after GC invocations=6 (full 1):
 PSYoungGen      total 120832K, used 10722K [0x000000076b400000, 0x000000077b280000, 0x00000007c0000000)
  eden space 110080K, 0% used [0x000000076b400000,0x000000076b400000,0x0000000771f80000)
  from space 10752K, 99% used [0x0000000771f80000,0x00000007729f88e8,0x0000000772a00000)
  to   space 36352K, 0% used [0x0000000778f00000,0x0000000778f00000,0x000000077b280000)
 ParOldGen       total 113152K, used 54957K [0x00000006c1c00000, 0x00000006c8a80000, 0x000000076b400000)
  object space 113152K, 48% used [0x00000006c1c00000,0x00000006c51ab7f8,0x00000006c8a80000)
 Metaspace       used 32685K, capacity 34388K, committed 34688K, reserved 1079296K
  class space    used 3831K, capacity 4377K, committed 4480K, reserved 1048576K
}
Event: 14.023 GC heap before
{Heap before GC invocations=7 (full 1):
 PSYoungGen      total 120832K, used 65491K [0x000000076b400000, 0x000000077b280000, 0x00000007c0000000)
  eden space 110080K, 49% used [0x000000076b400000,0x000000076e97c528,0x0000000771f80000)
  from space 10752K, 99% used [0x0000000771f80000,0x00000007729f88e8,0x0000000772a00000)
  to   space 36352K, 0% used [0x0000000778f00000,0x0000000778f00000,0x000000077b280000)
 ParOldGen       total 113152K, used 54957K [0x00000006c1c00000, 0x00000006c8a80000, 0x000000076b400000)
  object space 113152K, 48% used [0x00000006c1c00000,0x00000006c51ab7f8,0x00000006c8a80000)
 Metaspace       used 33400K, capacity 35264K, committed 35496K, reserved 1081344K
  class space    used 3940K, capacity 4509K, committed 4520K, reserved 1048576K
Event: 14.058 GC heap after
Heap after GC invocations=7 (full 1):
 PSYoungGen      total 225792K, used 20602K [0x000000076b400000, 0x000000077b200000, 0x00000007c0000000)
  eden space 189952K, 0% used [0x000000076b400000,0x000000076b400000,0x0000000776d80000)
  from space 35840K, 57% used [0x0000000778f00000,0x000000077a31eb80,0x000000077b200000)
  to   space 34304K, 0% used [0x0000000776d80000,0x0000000776d80000,0x0000000778f00000)
 ParOldGen       total 113152K, used 54957K [0x00000006c1c00000, 0x00000006c8a80000, 0x000000076b400000)
  object space 113152K, 48% used [0x00000006c1c00000,0x00000006c51ab7f8,0x00000006c8a80000)
 Metaspace       used 33400K, capacity 35264K, committed 35496K, reserved 1081344K
  class space    used 3940K, capacity 4509K, committed 4520K, reserved 1048576K
}
Event: 14.058 GC heap before
{Heap before GC invocations=8 (full 2):
 PSYoungGen      total 225792K, used 20602K [0x000000076b400000, 0x000000077b200000, 0x00000007c0000000)
  eden space 189952K, 0% used [0x000000076b400000,0x000000076b400000,0x0000000776d80000)
  from space 35840K, 57% used [0x0000000778f00000,0x000000077a31eb80,0x000000077b200000)
  to   space 34304K, 0% used [0x0000000776d80000,0x0000000776d80000,0x0000000778f00000)
 ParOldGen       total 113152K, used 54957K [0x00000006c1c00000, 0x00000006c8a80000, 0x000000076b400000)
  object space 113152K, 48% used [0x00000006c1c00000,0x00000006c51ab7f8,0x00000006c8a80000)
 Metaspace       used 33400K, capacity 35264K, committed 35496K, reserved 1081344K
  class space    used 3940K, capacity 4509K, committed 4520K, reserved 1048576K
Event: 14.273 GC heap after
Heap after GC invocations=8 (full 2):
 PSYoungGen      total 225792K, used 0K [0x000000076b400000, 0x000000077b200000, 0x00000007c0000000)
  eden space 189952K, 0% used [0x000000076b400000,0x000000076b400000,0x0000000776d80000)
  from space 35840K, 0% used [0x0000000778f00000,0x0000000778f00000,0x000000077b200000)
  to   space 34304K, 0% used [0x0000000776d80000,0x0000000776d80000,0x0000000778f00000)
 ParOldGen       total 222720K, used 46556K [0x00000006c1c00000, 0x00000006cf580000, 0x000000076b400000)
  object space 222720K, 20% used [0x00000006c1c00000,0x00000006c4977020,0x00000006cf580000)
 Metaspace       used 33400K, capacity 35264K, committed 35496K, reserved 1081344K
  class space    used 3940K, capacity 4509K, committed 4520K, reserved 1048576K
}
Event: 15.409 GC heap before
{Heap before GC invocations=9 (full 2):
 PSYoungGen      total 225792K, used 189952K [0x000000076b400000, 0x000000077b200000, 0x00000007c0000000)
  eden space 189952K, 100% used [0x000000076b400000,0x0000000776d80000,0x0000000776d80000)
  from space 35840K, 0% used [0x0000000778f00000,0x0000000778f00000,0x000000077b200000)
  to   space 34304K, 0% used [0x0000000776d80000,0x0000000776d80000,0x0000000778f00000)
 ParOldGen       total 222720K, used 46556K [0x00000006c1c00000, 0x00000006cf580000, 0x000000076b400000)
  object space 222720K, 20% used [0x00000006c1c00000,0x00000006c4977020,0x00000006cf580000)
 Metaspace       used 36503K, capacity 38578K, committed 38696K, reserved 1083392K
  class space    used 4275K, capacity 4864K, committed 4904K, reserved 1048576K
Event: 15.426 GC heap after
Heap after GC invocations=9 (full 2):
 PSYoungGen      total 224256K, used 8251K [0x000000076b400000, 0x0000000780a80000, 0x00000007c0000000)
  eden space 189952K, 0% used [0x000000076b400000,0x000000076b400000,0x0000000776d80000)
  from space 34304K, 24% used [0x0000000776d80000,0x000000077758ee28,0x0000000778f00000)
  to   space 34816K, 0% used [0x000000077e880000,0x000000077e880000,0x0000000780a80000)
 ParOldGen       total 222720K, used 46564K [0x00000006c1c00000, 0x00000006cf580000, 0x000000076b400000)
  object space 222720K, 20% used [0x00000006c1c00000,0x00000006c4979020,0x00000006cf580000)
 Metaspace       used 36503K, capacity 38578K, committed 38696K, reserved 1083392K
  class space    used 4275K, capacity 4864K, committed 4904K, reserved 1048576K
}

