# JRE version: OpenJDK Runtime Environment (8.0_412-b08) (build 1.8.0_412-b08)
# Java VM: OpenJDK 64-Bit Server VM (25.412-b08 mixed mode windows-amd64 compressed oops)
Heap:
 PSYoungGen      total 255488K, used 85157K [0x000000076b400000, 0x000000077cf80000, 0x00000007c0000000)
  eden space 220672K, 38% used [0x000000076b400000,0x0000000770729560,0x0000000778b80000)
  from space 34816K, 0% used [0x0000000778b80000,0x0000000778b80000,0x000000077ad80000)
  to   space 34304K, 0% used [0x000000077ae00000,0x000000077ae00000,0x000000077cf80000)
 ParOldGen       total 199168K, used 38856K [0x00000006c1c00000, 0x00000006cde80000, 0x000000076b400000)
  object space 199168K, 19% used [0x00000006c1c00000,0x00000006c41f22b0,0x00000006cde80000)
 Metaspace       used 34663K, capacity 36708K, committed 36980K, reserved 1081344K
  class space    used 4088K, capacity 4682K, committed 4736K, reserved 1048576K
GC Heap History (10 events):
Event: 10.699 GC heap before
{Heap before GC invocations=5 (full 1):
 PSYoungGen      total 76288K, used 76275K [0x000000076b400000, 0x0000000773f00000, 0x00000007c0000000)
  eden space 65536K, 100% used [0x000000076b400000,0x000000076f400000,0x000000076f400000)
  from space 10752K, 99% used [0x000000076f400000,0x000000076fe7cda8,0x000000076fe80000)
  to   space 10752K, 0% used [0x0000000773480000,0x0000000773480000,0x0000000773f00000)
 ParOldGen       total 113664K, used 12723K [0x00000006c1c00000, 0x00000006c8b00000, 0x000000076b400000)
  object space 113664K, 11% used [0x00000006c1c00000,0x00000006c286cea8,0x00000006c8b00000)
 Metaspace       used 25009K, capacity 26032K, committed 26240K, reserved 1073152K
  class space    used 2824K, capacity 3083K, committed 3200K, reserved 1048576K
Event: 10.779 GC heap after
Heap after GC invocations=5 (full 1):
 PSYoungGen      total 131584K, used 10738K [0x000000076b400000, 0x0000000773f80000, 0x00000007c0000000)
  eden space 120832K, 0% used [0x000000076b400000,0x000000076b400000,0x0000000772a00000)
  from space 10752K, 99% used [0x0000000773480000,0x0000000773efcb50,0x0000000773f00000)
  to   space 10752K, 0% used [0x0000000772a00000,0x0000000772a00000,0x0000000773480000)
 ParOldGen       total 113664K, used 39293K [0x00000006c1c00000, 0x00000006c8b00000, 0x000000076b400000)
  object space 113664K, 34% used [0x00000006c1c00000,0x00000006c425f618,0x00000006c8b00000)
 Metaspace       used 25009K, capacity 26032K, committed 26240K, reserved 1073152K
  class space    used 2824K, capacity 3083K, committed 3200K, reserved 1048576K
}
Event: 13.595 GC heap before
{Heap before GC invocations=6 (full 1):
 PSYoungGen      total 131584K, used 131570K [0x000000076b400000, 0x0000000773f80000, 0x00000007c0000000)
  eden space 120832K, 100% used [0x000000076b400000,0x0000000772a00000,0x0000000772a00000)
  from space 10752K, 99% used [0x0000000773480000,0x0000000773efcb50,0x0000000773f00000)
  to   space 10752K, 0% used [0x0000000772a00000,0x0000000772a00000,0x0000000773480000)
 ParOldGen       total 113664K, used 39293K [0x00000006c1c00000, 0x00000006c8b00000, 0x000000076b400000)
  object space 113664K, 34% used [0x00000006c1c00000,0x00000006c425f618,0x00000006c8b00000)
 Metaspace       used 32521K, capacity 34208K, committed 34304K, reserved 1079296K
  class space    used 3817K, capacity 4344K, committed 4352K, reserved 1048576K
Event: 13.631 GC heap after
Heap after GC invocations=6 (full 1):
 PSYoungGen      total 131584K, used 10721K [0x000000076b400000, 0x000000077d100000, 0x00000007c0000000)
  eden space 120832K, 0% used [0x000000076b400000,0x000000076b400000,0x0000000772a00000)
  from space 10752K, 99% used [0x0000000772a00000,0x0000000773478490,0x0000000773480000)
  to   space 35840K, 0% used [0x000000077ae00000,0x000000077ae00000,0x000000077d100000)
 ParOldGen       total 113664K, used 54655K [0x00000006c1c00000, 0x00000006c8b00000, 0x000000076b400000)
  object space 113664K, 48% used [0x00000006c1c00000,0x00000006c515fc18,0x00000006c8b00000)
 Metaspace       used 32521K, capacity 34208K, committed 34304K, reserved 1079296K
  class space    used 3817K, capacity 4344K, committed 4352K, reserved 1048576K
}
Event: 14.348 GC heap before
{Heap before GC invocations=7 (full 1):
 PSYoungGen      total 131584K, used 93930K [0x000000076b400000, 0x000000077d100000, 0x00000007c0000000)
  eden space 120832K, 68% used [0x000000076b400000,0x0000000770542440,0x0000000772a00000)
  from space 10752K, 99% used [0x0000000772a00000,0x0000000773478490,0x0000000773480000)
  to   space 35840K, 0% used [0x000000077ae00000,0x000000077ae00000,0x000000077d100000)
 ParOldGen       total 113664K, used 54655K [0x00000006c1c00000, 0x00000006c8b00000, 0x000000076b400000)
  object space 113664K, 48% used [0x00000006c1c00000,0x00000006c515fc18,0x00000006c8b00000)
 Metaspace       used 33445K, capacity 35448K, committed 35752K, reserved 1081344K
  class space    used 3953K, capacity 4549K, committed 4608K, reserved 1048576K
Event: 14.381 GC heap after
Heap after GC invocations=7 (full 1):
 PSYoungGen      total 254976K, used 21651K [0x000000076b400000, 0x000000077cf80000, 0x00000007c0000000)
  eden space 220672K, 0% used [0x000000076b400000,0x000000076b400000,0x0000000778b80000)
  from space 34304K, 63% used [0x000000077ae00000,0x000000077c324e10,0x000000077cf80000)
  to   space 34816K, 0% used [0x0000000778b80000,0x0000000778b80000,0x000000077ad80000)
 ParOldGen       total 113664K, used 54663K [0x00000006c1c00000, 0x00000006c8b00000, 0x000000076b400000)
  object space 113664K, 48% used [0x00000006c1c00000,0x00000006c5161c18,0x00000006c8b00000)
 Metaspace       used 33445K, capacity 35448K, committed 35752K, reserved 1081344K
  class space    used 3953K, capacity 4549K, committed 4608K, reserved 1048576K
}
Event: 15.198 GC heap before
{Heap before GC invocations=8 (full 1):
 PSYoungGen      total 254976K, used 34372K [0x000000076b400000, 0x000000077cf80000, 0x00000007c0000000)
  eden space 220672K, 5% used [0x000000076b400000,0x000000076c06c4f8,0x0000000778b80000)
  from space 34304K, 63% used [0x000000077ae00000,0x000000077c324e10,0x000000077cf80000)
  to   space 34816K, 0% used [0x0000000778b80000,0x0000000778b80000,0x000000077ad80000)
 ParOldGen       total 113664K, used 54663K [0x00000006c1c00000, 0x00000006c8b00000, 0x000000076b400000)
  object space 113664K, 48% used [0x00000006c1c00000,0x00000006c5161c18,0x00000006c8b00000)
 Metaspace       used 33866K, capacity 35798K, committed 35828K, reserved 1081344K
  class space    used 3997K, capacity 4598K, committed 4608K, reserved 1048576K
Event: 15.278 GC heap after
Heap after GC invocations=8 (full 1):
 PSYoungGen      total 255488K, used 12840K [0x000000076b400000, 0x000000077cf80000, 0x00000007c0000000)
  eden space 220672K, 0% used [0x000000076b400000,0x000000076b400000,0x0000000778b80000)
  from space 34816K, 36% used [0x0000000778b80000,0x000000077980a200,0x000000077ad80000)
  to   space 34304K, 0% used [0x000000077ae00000,0x000000077ae00000,0x000000077cf80000)
 ParOldGen       total 113664K, used 54671K [0x00000006c1c00000, 0x00000006c8b00000, 0x000000076b400000)
  object space 113664K, 48% used [0x00000006c1c00000,0x00000006c5163c18,0x00000006c8b00000)
 Metaspace       used 33866K, capacity 35798K, committed 35828K, reserved 1081344K
  class space    used 3997K, capacity 4598K, committed 4608K, reserved 1048576K
}
Event: 15.278 GC heap before
{Heap before GC invocations=9 (full 2):
 PSYoungGen      total 255488K, used 12840K [0x000000076b400000, 0x000000077cf80000, 0x00000007c0000000)
  eden space 220672K, 0% used [0x000000076b400000,0x000000076b400000,0x0000000778b80000)
  from space 34816K, 36% used [0x0000000778b80000,0x000000077980a200,0x000000077ad80000)
  to   space 34304K, 0% used [0x000000077ae00000,0x000000077ae00000,0x000000077cf80000)
 ParOldGen       total 113664K, used 54671K [0x00000006c1c00000, 0x00000006c8b00000, 0x000000076b400000)
  object space 113664K, 48% used [0x00000006c1c00000,0x00000006c5163c18,0x00000006c8b00000)
 Metaspace       used 33866K, capacity 35798K, committed 35828K, reserved 1081344K
  class space    used 3997K, capacity 4598K, committed 4608K, reserved 1048576K
Event: 15.529 GC heap after
Heap after GC invocations=9 (full 2):
 PSYoungGen      total 255488K, used 0K [0x000000076b400000, 0x000000077cf80000, 0x00000007c0000000)
  eden space 220672K, 0% used [0x000000076b400000,0x000000076b400000,0x0000000778b80000)
  from space 34816K, 0% used [0x0000000778b80000,0x0000000778b80000,0x000000077ad80000)
  to   space 34304K, 0% used [0x000000077ae00000,0x000000077ae00000,0x000000077cf80000)
 ParOldGen       total 199168K, used 38856K [0x00000006c1c00000, 0x00000006cde80000, 0x000000076b400000)
  object space 199168K, 19% used [0x00000006c1c00000,0x00000006c41f22b0,0x00000006cde80000)
 Metaspace       used 33866K, capacity 35798K, committed 35828K, reserved 1081344K
  class space    used 3997K, capacity 4598K, committed 4608K, reserved 1048576K
}

